<?xml version="1.0" encoding="UTF-8"?>
<!-- Generated by org.testng.reporters.JUnitReportReporter -->
<testsuite hostname="Rishi-pc" failures="0" tests="1" name="SrashtaSoft_mainWebsite.FullWebsiteLinkTest" time="2657.979" errors="0" timestamp="2025-07-16T10:17:10 IST" skipped="0">
  <testcase classname="SrashtaSoft_mainWebsite.FullWebsiteLinkTest" name="verifyAllLinks" time="2657.979"/>
</testsuite> <!-- SrashtaSoft_mainWebsite.FullWebsiteLinkTest -->
